c:\users\jamie\desktop\stuff\uni\year2\computergamesprogramming\sdl-project\debug\vc142.pdb
c:\users\jamie\desktop\stuff\uni\year2\computergamesprogramming\sdl-project\debug\vc142.idb
c:\users\jamie\desktop\stuff\uni\year2\computergamesprogramming\sdl-project\debug\main.obj
c:\users\jamie\desktop\stuff\uni\year2\computergamesprogramming\sdl-project\debug\ui.obj
c:\users\jamie\desktop\stuff\uni\year2\computergamesprogramming\sdl-project\debug\sky.obj
c:\users\jamie\desktop\stuff\uni\year2\computergamesprogramming\sdl-project\debug\player.obj
c:\users\jamie\desktop\stuff\uni\year2\computergamesprogramming\sdl-project\debug\monster.obj
c:\users\jamie\desktop\stuff\uni\year2\computergamesprogramming\sdl-project\debug\level.obj
c:\users\jamie\desktop\stuff\uni\year2\computergamesprogramming\sdl-project\debug\input.obj
c:\users\jamie\desktop\stuff\uni\year2\computergamesprogramming\sdl-project\debug\game.obj
c:\users\jamie\desktop\stuff\uni\year2\computergamesprogramming\sdl-project\debug\entity.obj
c:\users\jamie\desktop\stuff\uni\year2\computergamesprogramming\sdl-project\debug\creature.obj
c:\users\jamie\desktop\stuff\uni\year2\computergamesprogramming\sdl-project\debug\coin.obj
c:\users\jamie\desktop\stuff\uni\year2\computergamesprogramming\sdl-project\debug\sdl-project.exe
c:\users\jamie\desktop\stuff\uni\year2\computergamesprogramming\sdl-project\debug\sdl-project.ilk
c:\users\jamie\desktop\stuff\uni\year2\computergamesprogramming\sdl-project\debug\sdl-project.pdb
c:\users\jamie\desktop\stuff\uni\year2\computergamesprogramming\sdl-project\debug\bitmap.obj
c:\users\jamie\desktop\stuff\uni\year2\computergamesprogramming\sdl-project\debug\entity.obj.enc
c:\users\jamie\desktop\stuff\uni\year2\computergamesprogramming\sdl-project\debug\game.new.obj.enc
c:\users\jamie\desktop\stuff\uni\year2\computergamesprogramming\sdl-project\debug\level.new.obj.enc
c:\users\jamie\desktop\stuff\uni\year2\computergamesprogramming\sdl-project\debug\3.usingsdl.ilk
c:\users\jamie\desktop\stuff\uni\year2\computergamesprogramming\sdl-project\debug\sdltemplate.ilk
c:\users\jamie\desktop\stuff\uni\year2\computergamesprogramming\sdl-project\debug\3.usingsdl.pdb
c:\users\jamie\desktop\stuff\uni\year2\computergamesprogramming\sdl-project\debug\sdltemplate.pdb
c:\users\jamie\desktop\stuff\uni\year2\computergamesprogramming\sdl-project\debug\sdl-project.tlog\cl.command.1.tlog
c:\users\jamie\desktop\stuff\uni\year2\computergamesprogramming\sdl-project\debug\sdl-project.tlog\cl.read.1.tlog
c:\users\jamie\desktop\stuff\uni\year2\computergamesprogramming\sdl-project\debug\sdl-project.tlog\cl.write.1.tlog
c:\users\jamie\desktop\stuff\uni\year2\computergamesprogramming\sdl-project\debug\sdl-project.tlog\link.command.1.tlog
c:\users\jamie\desktop\stuff\uni\year2\computergamesprogramming\sdl-project\debug\sdl-project.tlog\link.read.1.tlog
c:\users\jamie\desktop\stuff\uni\year2\computergamesprogramming\sdl-project\debug\sdl-project.tlog\link.write.1.tlog
