  Game.cpp
  Input.cpp
  main.cpp
  Generating code
LINK : fatal error C1001: An internal error has occurred in the compiler.
  (compiler file 'd:\agent\_work\4\s\src\vctools\Compiler\Utc\src\p2\main.c', line 160)
   To work around this problem, try simplifying or changing the program near the locations listed above.
  Please choose the Technical Support command on the Visual C++ 
   Help menu, or open the Technical Support help file for more information
    link!InvokeCompilerPass()+0x3081d
    link!InvokeCompilerPass()+0x32f53
    link!InvokeCompilerPass()+0x24415
    link!InvokeCompilerPass()+0x2432f
    link!InvokeCompilerPass()+0x2f895
  
LINK : fatal error C1001: An internal error has occurred in the compiler.
  (compiler file 'd:\agent\_work\4\s\src\vctools\Compiler\Utc\src\p2\main.c', line 160)
   To work around this problem, try simplifying or changing the program near the locations listed above.
  Please choose the Technical Support command on the Visual C++ 
   Help menu, or open the Technical Support help file for more information
    link!InvokeCompilerPass()+0x3081d
    link!InvokeCompilerPass()+0x32f53
    link!InvokeCompilerPass()+0x24415
    link!InvokeCompilerPass()+0x2432f
    link!InvokeCompilerPass()+0x2f895
  
  
LINK : fatal error LNK1000: Internal error during IMAGE::BuildImage
  
    Version 14.21.27702.2
  
    ExceptionCode            = C0000005
    ExceptionFlags           = 00000000
    ExceptionAddress         = 02672202 (021E0000) "C:\Program Files (x86)\Microsoft Visual Studio\2019\Community\VC\Tools\MSVC\14.21.27702\bin\HostX86\x86\c2.dll"
    NumberParameters         = 00000002
    ExceptionInformation[ 0] = 00000000
    ExceptionInformation[ 1] = 00000000
  
  CONTEXT:
    Eax    = 00000000  Esp    = 004FE78C
    Ebx    = 00000000  Ebp    = 004FE79C
    Ecx    = 00001505  Esi    = 00000000
    Edx    = 00000000  Edi    = 00000000
    Eip    = 02672202  EFlags = 00010246
    SegCs  = 00000023  SegDs  = 0000002B
    SegSs  = 0000002B  SegEs  = 0000002B
    SegFs  = 00000053  SegGs  = 0000002B
    Dr0    = 00000000  Dr3    = 00000000
    Dr1    = 00000000  Dr6    = 00000000
    Dr2    = 00000000  Dr7    = 00000000
